  stdafx.cpp
  explorer1.cpp
  AboutBox.cpp
  AbuseTab.cpp
  AdvancedPage.cpp
  BannedDlg.cpp
  BanTypeDlg.cpp
  BearWareLoginDlg.cpp
  BitmapSlider.cpp
  ChangeStatusDlg.cpp
  ChannelDlg.cpp
  ChannelOpTab.cpp
  ChatRichEditCtrl.cpp
  ChatTab.cpp
  ClientPage.cpp
  CodecLimitTab.cpp
  DesktopShareDlg.cpp
  ControlsEx.cpp
  DialogEx.cpp
  ExListBox.cpp
  FilesListCtrl.cpp
  Génération de code en cours...
  Compilation en cours...
  FilesTab.cpp
  FileTransferDlg.cpp
  GeneralPage.cpp
  GenerateTTFileDlg.cpp
  HostManagerDlg.cpp
  InputDlg.cpp
  KeyCompDlg.cpp
  MediaStorageDlg.cpp
  MessageDlg.cpp
  MoveToChannelDlg.cpp
  MyBitmapButton.cpp
  MyEdit.cpp
  MyPropertySheet.cpp
  MySliderCtrl.cpp
  MyTab.cpp
  MyTabCtrl.cpp
  OnlineUsersDlg.cpp
  PositionUsersDlg.cpp
  Resizer.cpp
  RichEditThemed.cpp
  Génération de code en cours...
  Compilation en cours...
  RoomBox.cpp
  ServerPropertiesDlg.cpp
  ServerStatisticsDlg.cpp
  SessionTreeCtrl.cpp
  SessionTreeCtrlWin32.cpp
  ShortcutsPage.cpp
  SoundEventsPage.cpp
  SoundSysPage.cpp
  SpeexDSPDlg.cpp
  splitterbar.cpp
  StreamMediaDlg.cpp
  SysColStatic.cpp
  SystemTray.cpp
C:\Git\teamtalk5\Client\TeamTalkClassic\gui\SystemTray.cpp(67): warning C4996: 'GetVersion': a été déclaré déconseillé
  C:\Program Files (x86)\Windows Kits\8.1\Include\um\sysinfoapi.h(110): note: voir la déclaration de 'GetVersion'
  TextToSpeechPage.cpp
  TTAudioPreprocessorDlg.cpp
  UserAccountsDlg.cpp
  UserButton.cpp
  UserDesktopDlg.cpp
  UserInfoDlg.cpp
  UserVideoDlg.cpp
  Génération de code en cours...
  Compilation en cours...
  UserVolumeDlg.cpp
  VideoCapturePage.cpp
  WindowPage.cpp
  XPTabCtrl.cpp
C:\Git\teamtalk5\Client\TeamTalkClassic\gui\XPTabCtrl.cpp(437): warning C4996: 'GetVersionExW': a été déclaré déconseillé
  C:\Program Files (x86)\Windows Kits\8.1\Include\um\sysinfoapi.h(442): note: voir la déclaration de 'GetVersionExW'
  Helper.cpp
  HttpRequest.cpp
  Languages.cpp
  PlaySoundThread.cpp
  ClientXML.cpp
  MyStd.cpp
  Settings.cpp
  XMLLanguages.cpp
  TeamTalkApp.cpp
  TeamTalkBase.cpp
  TeamTalkDlg.cpp
  BmpPalette.cpp
  DIBitmap.cpp
  NGWizard.cpp
  NGWizardPage.cpp
  ResizeCtrl.cpp
  Génération de code en cours...
  Compilation en cours...
  WizCompletionPage.cpp
  WizGeneralPage.cpp
  WizMasterSheet.cpp
  WizSoundSysPage.cpp
  WizWelcomePage.cpp
  Génération de code en cours...
LINK : fatal error LNK1104: impossible d'ouvrir le fichier 'TeamTalk5Pro.lib'
