c:\git\teamtalk5\client\teamtalkclassic\teamtalk5classicpro.dir\minsizerel\tinyxmlparser.obj
c:\git\teamtalk5\client\teamtalkclassic\teamtalk5classicpro.dir\minsizerel\tinyxmlerror.obj
c:\git\teamtalk5\client\teamtalkclassic\teamtalk5classicpro.dir\minsizerel\tinyxml.obj
c:\git\teamtalk5\client\teamtalkclassic\teamtalk5classicpro.dir\minsizerel\tinystr.obj
c:\git\teamtalk5\client\teamtalkclassic\teamtalk5classicpro.dir\minsizerel\messagedlg.obj
c:\git\teamtalk5\client\teamtalkclassic\teamtalk5classicpro.dir\minsizerel\onlineusersdlg.obj
c:\git\teamtalk5\client\teamtalkclassic\teamtalk5classicpro.dir\minsizerel\teamtalkdlg.obj
c:\git\teamtalk5\client\teamtalkclassic\teamtalk5classicpro.dir\minsizerel\keycompdlg.obj
c:\git\teamtalk5\client\teamtalkclassic\teamtalk5classicpro.dir\minsizerel\hostmanagerdlg.obj
c:\git\teamtalk5\client\teamtalkclassic\teamtalk5classicpro.dir\minsizerel\generalpage.obj
c:\git\teamtalk5\client\teamtalkclassic\teamtalk5classicpro.dir\minsizerel\teamtalkapp.obj
c:\git\teamtalk5\client\teamtalkclassic\teamtalk5classicpro.dir\minsizerel\teamtalk5classicpro.pch
c:\git\teamtalk5\client\teamtalkclassic\teamtalk5classicpro.dir\minsizerel\stdafx.obj
c:\git\teamtalk5\client\teamtalkclassic\teamtalk5classicpro.dir\minsizerel\chattab.obj
c:\git\teamtalk5\client\teamtalkclassic\teamtalk5classicpro.dir\minsizerel\chatricheditctrl.obj
c:\git\teamtalk5\client\teamtalkclassic\teamtalk5classicpro.dir\minsizerel\channeloptab.obj
c:\git\teamtalk5\client\teamtalkclassic\teamtalk5classicpro.dir\minsizerel\channeldlg.obj
c:\git\teamtalk5\client\teamtalkclassic\teamtalk5classicpro.dir\minsizerel\changestatusdlg.obj
c:\git\teamtalk5\client\teamtalkclassic\teamtalk5classicpro.dir\minsizerel\bitmapslider.obj
c:\git\teamtalk5\client\teamtalkclassic\teamtalk5classicpro.dir\minsizerel\bearwarelogindlg.obj
c:\git\teamtalk5\client\teamtalkclassic\teamtalk5classicpro.dir\minsizerel\banneddlg.obj
c:\git\teamtalk5\client\teamtalkclassic\teamtalk5classicpro.dir\minsizerel\bantypedlg.obj
c:\git\teamtalk5\client\teamtalkclassic\teamtalk5classicpro.dir\minsizerel\advancedpage.obj
c:\git\teamtalk5\client\teamtalkclassic\teamtalk5classicpro.dir\minsizerel\abusetab.obj
c:\git\teamtalk5\client\teamtalkclassic\teamtalk5classicpro.dir\minsizerel\aboutbox.obj
c:\git\teamtalk5\client\teamtalkclassic\teamtalk5classicpro.dir\minsizerel\explorer1.obj
c:\git\teamtalk5\client\teamtalkclassic\teamtalk5classicpro.dir\minsizerel\teamtalkbase.obj
c:\git\teamtalk5\client\teamtalkclassic\teamtalk5classicpro.dir\minsizerel\playsoundthread.obj
c:\git\teamtalk5\client\teamtalkclassic\teamtalk5classicpro.dir\minsizerel\languages.obj
c:\git\teamtalk5\client\teamtalkclassic\teamtalk5classicpro.dir\minsizerel\httprequest.obj
c:\git\teamtalk5\client\teamtalkclassic\teamtalk5classicpro.dir\minsizerel\helper.obj
c:\git\teamtalk5\client\teamtalkclassic\teamtalk5classicpro.dir\minsizerel\mytab.obj
c:\git\teamtalk5\client\teamtalkclassic\teamtalk5classicpro.dir\minsizerel\mysliderctrl.obj
c:\git\teamtalk5\client\teamtalkclassic\teamtalk5classicpro.dir\minsizerel\mypropertysheet.obj
c:\git\teamtalk5\client\teamtalkclassic\teamtalk5classicpro.dir\minsizerel\myedit.obj
c:\git\teamtalk5\client\teamtalkclassic\teamtalk5classicpro.dir\minsizerel\mybitmapbutton.obj
c:\git\teamtalk5\client\teamtalkclassic\teamtalk5classicpro.dir\minsizerel\movetochanneldlg.obj
c:\git\teamtalk5\client\teamtalkclassic\teamtalk5classicpro.dir\minsizerel\mediastoragedlg.obj
c:\git\teamtalk5\client\teamtalkclassic\teamtalk5classicpro.dir\minsizerel\inputdlg.obj
c:\git\teamtalk5\client\teamtalkclassic\teamtalk5classicpro.dir\minsizerel\generatettfiledlg.obj
c:\git\teamtalk5\client\teamtalkclassic\teamtalk5classicpro.dir\minsizerel\filestab.obj
c:\git\teamtalk5\client\teamtalkclassic\teamtalk5classicpro.dir\minsizerel\fileslistctrl.obj
c:\git\teamtalk5\client\teamtalkclassic\teamtalk5classicpro.dir\minsizerel\filetransferdlg.obj
c:\git\teamtalk5\client\teamtalkclassic\teamtalk5classicpro.dir\minsizerel\exlistbox.obj
c:\git\teamtalk5\client\teamtalkclassic\teamtalk5classicpro.dir\minsizerel\desktopsharedlg.obj
c:\git\teamtalk5\client\teamtalkclassic\teamtalk5classicpro.dir\minsizerel\codeclimittab.obj
c:\git\teamtalk5\client\teamtalkclassic\teamtalk5classicpro.dir\minsizerel\clientpage.obj
c:\git\teamtalk5\client\teamtalkclassic\teamtalk5classicpro.dir\minsizerel\useraccountsdlg.obj
c:\git\teamtalk5\client\teamtalkclassic\teamtalk5classicpro.dir\minsizerel\texttospeechpage.obj
c:\git\teamtalk5\client\teamtalkclassic\teamtalk5classicpro.dir\minsizerel\ttaudiopreprocessordlg.obj
c:\git\teamtalk5\client\teamtalkclassic\teamtalk5classicpro.dir\minsizerel\systemtray.obj
c:\git\teamtalk5\client\teamtalkclassic\teamtalk5classicpro.dir\minsizerel\syscolstatic.obj
c:\git\teamtalk5\client\teamtalkclassic\teamtalk5classicpro.dir\minsizerel\streammediadlg.obj
c:\git\teamtalk5\client\teamtalkclassic\teamtalk5classicpro.dir\minsizerel\speexdspdlg.obj
c:\git\teamtalk5\client\teamtalkclassic\teamtalk5classicpro.dir\minsizerel\soundsyspage.obj
c:\git\teamtalk5\client\teamtalkclassic\teamtalk5classicpro.dir\minsizerel\soundeventspage.obj
c:\git\teamtalk5\client\teamtalkclassic\teamtalk5classicpro.dir\minsizerel\shortcutspage.obj
c:\git\teamtalk5\client\teamtalkclassic\teamtalk5classicpro.dir\minsizerel\sessiontreectrlwin32.obj
c:\git\teamtalk5\client\teamtalkclassic\teamtalk5classicpro.dir\minsizerel\sessiontreectrl.obj
c:\git\teamtalk5\client\teamtalkclassic\teamtalk5classicpro.dir\minsizerel\serverstatisticsdlg.obj
c:\git\teamtalk5\client\teamtalkclassic\teamtalk5classicpro.dir\minsizerel\serverpropertiesdlg.obj
c:\git\teamtalk5\client\teamtalkclassic\teamtalk5classicpro.dir\minsizerel\roombox.obj
c:\git\teamtalk5\client\teamtalkclassic\teamtalk5classicpro.dir\minsizerel\richeditthemed.obj
c:\git\teamtalk5\client\teamtalkclassic\teamtalk5classicpro.dir\minsizerel\resizer.obj
c:\git\teamtalk5\client\teamtalkclassic\teamtalk5classicpro.dir\minsizerel\positionusersdlg.obj
c:\git\teamtalk5\client\teamtalkclassic\teamtalk5classicpro.dir\minsizerel\mytabctrl.obj
c:\git\teamtalk5\client\teamtalkclassic\teamtalk5classicpro.dir\minsizerel\ngwizardpage.obj
c:\git\teamtalk5\client\teamtalkclassic\teamtalk5classicpro.dir\minsizerel\ngwizard.obj
c:\git\teamtalk5\client\teamtalkclassic\teamtalk5classicpro.dir\minsizerel\dibitmap.obj
c:\git\teamtalk5\client\teamtalkclassic\teamtalk5classicpro.dir\minsizerel\bmppalette.obj
c:\git\teamtalk5\client\teamtalkclassic\teamtalk5classicpro.dir\minsizerel\xmllanguages.obj
c:\git\teamtalk5\client\teamtalkclassic\teamtalk5classicpro.dir\minsizerel\settings.obj
c:\git\teamtalk5\client\teamtalkclassic\teamtalk5classicpro.dir\minsizerel\mystd.obj
c:\git\teamtalk5\client\teamtalkclassic\teamtalk5classicpro.dir\minsizerel\clientxml.obj
c:\git\teamtalk5\client\teamtalkclassic\teamtalk5classicpro.dir\minsizerel\splitterbar.obj
c:\git\teamtalk5\client\teamtalkclassic\teamtalk5classicpro.dir\minsizerel\dialogex.obj
c:\git\teamtalk5\client\teamtalkclassic\teamtalk5classicpro.dir\minsizerel\controlsex.obj
c:\git\teamtalk5\client\teamtalkclassic\teamtalk5classicpro.dir\minsizerel\xptabctrl.obj
c:\git\teamtalk5\client\teamtalkclassic\teamtalk5classicpro.dir\minsizerel\windowpage.obj
c:\git\teamtalk5\client\teamtalkclassic\teamtalk5classicpro.dir\minsizerel\weblogindlg.obj
c:\git\teamtalk5\client\teamtalkclassic\teamtalk5classicpro.dir\minsizerel\videocapturepage.obj
c:\git\teamtalk5\client\teamtalkclassic\teamtalk5classicpro.dir\minsizerel\uservolumedlg.obj
c:\git\teamtalk5\client\teamtalkclassic\teamtalk5classicpro.dir\minsizerel\uservideodlg.obj
c:\git\teamtalk5\client\teamtalkclassic\teamtalk5classicpro.dir\minsizerel\userinfodlg.obj
c:\git\teamtalk5\client\teamtalkclassic\teamtalk5classicpro.dir\minsizerel\userdesktopdlg.obj
c:\git\teamtalk5\client\teamtalkclassic\teamtalk5classicpro.dir\minsizerel\userbutton.obj
c:\git\teamtalk5\client\teamtalkclassic\teamtalk5classicpro.dir\minsizerel\wizwelcomepage.obj
c:\git\teamtalk5\client\teamtalkclassic\teamtalk5classicpro.dir\minsizerel\wizsoundsyspage.obj
c:\git\teamtalk5\client\teamtalkclassic\teamtalk5classicpro.dir\minsizerel\wizmastersheet.obj
c:\git\teamtalk5\client\teamtalkclassic\teamtalk5classicpro.dir\minsizerel\wizgeneralpage.obj
c:\git\teamtalk5\client\teamtalkclassic\teamtalk5classicpro.dir\minsizerel\wizcompletionpage.obj
c:\git\teamtalk5\client\teamtalkclassic\teamtalk5classicpro.dir\minsizerel\resizectrl.obj
c:\git\teamtalk5\client\teamtalkclassic\cmakefiles\generate.stamp
c:\git\teamtalk5\client\teamtalkclassic\teamtalk5classicpro.dir\minsizerel\teamtalk.res
c:\git\teamtalk5\client\teamtalkclassic\teamtalk5classicpro.dir\minsizerel\teamtalk.13f8a9d2.tlog\cl.command.1.tlog
c:\git\teamtalk5\client\teamtalkclassic\teamtalk5classicpro.dir\minsizerel\teamtalk.13f8a9d2.tlog\cl.read.1.tlog
c:\git\teamtalk5\client\teamtalkclassic\teamtalk5classicpro.dir\minsizerel\teamtalk.13f8a9d2.tlog\cl.write.1.tlog
c:\git\teamtalk5\client\teamtalkclassic\teamtalk5classicpro.dir\minsizerel\teamtalk.13f8a9d2.tlog\custombuild.command.1.tlog
c:\git\teamtalk5\client\teamtalkclassic\teamtalk5classicpro.dir\minsizerel\teamtalk.13f8a9d2.tlog\custombuild.read.1.tlog
c:\git\teamtalk5\client\teamtalkclassic\teamtalk5classicpro.dir\minsizerel\teamtalk.13f8a9d2.tlog\custombuild.write.1.tlog
c:\git\teamtalk5\client\teamtalkclassic\teamtalk5classicpro.dir\minsizerel\teamtalk.13f8a9d2.tlog\link.command.1.tlog
c:\git\teamtalk5\client\teamtalkclassic\teamtalk5classicpro.dir\minsizerel\teamtalk.13f8a9d2.tlog\link.read.1.tlog
c:\git\teamtalk5\client\teamtalkclassic\teamtalk5classicpro.dir\minsizerel\teamtalk.13f8a9d2.tlog\link.write.1.tlog
c:\git\teamtalk5\client\teamtalkclassic\teamtalk5classicpro.dir\minsizerel\teamtalk.13f8a9d2.tlog\rc.command.1.tlog
c:\git\teamtalk5\client\teamtalkclassic\teamtalk5classicpro.dir\minsizerel\teamtalk.13f8a9d2.tlog\rc.read.1.tlog
c:\git\teamtalk5\client\teamtalkclassic\teamtalk5classicpro.dir\minsizerel\teamtalk.13f8a9d2.tlog\rc.write.1.tlog
