c:\git\teamtalk5\client\teamtalkclassic\teamtalk5classic.dir\debug\teamtalk5classic.pch
c:\git\teamtalk5\client\teamtalkclassic\teamtalk5classic.dir\debug\vc140.pdb
c:\git\teamtalk5\client\teamtalkclassic\teamtalk5classic.dir\debug\stdafx.obj
c:\git\teamtalk5\client\teamtalkclassic\teamtalk5classic.dir\debug\fileslistctrl.obj
c:\git\teamtalk5\client\teamtalkclassic\teamtalk5classic.dir\debug\exlistbox.obj
c:\git\teamtalk5\client\teamtalkclassic\teamtalk5classic.dir\debug\dialogex.obj
c:\git\teamtalk5\client\teamtalkclassic\teamtalk5classic.dir\debug\controlsex.obj
c:\git\teamtalk5\client\teamtalkclassic\teamtalk5classic.dir\debug\desktopsharedlg.obj
c:\git\teamtalk5\client\teamtalkclassic\teamtalk5classic.dir\debug\codeclimittab.obj
c:\git\teamtalk5\client\teamtalkclassic\teamtalk5classic.dir\debug\clientpage.obj
c:\git\teamtalk5\client\teamtalkclassic\teamtalk5classic.dir\debug\chattab.obj
c:\git\teamtalk5\client\teamtalkclassic\teamtalk5classic.dir\debug\chatricheditctrl.obj
c:\git\teamtalk5\client\teamtalkclassic\teamtalk5classic.dir\debug\channeloptab.obj
c:\git\teamtalk5\client\teamtalkclassic\teamtalk5classic.dir\debug\channeldlg.obj
c:\git\teamtalk5\client\teamtalkclassic\teamtalk5classic.dir\debug\changestatusdlg.obj
c:\git\teamtalk5\client\teamtalkclassic\teamtalk5classic.dir\debug\bitmapslider.obj
c:\git\teamtalk5\client\teamtalkclassic\teamtalk5classic.dir\debug\bearwarelogindlg.obj
c:\git\teamtalk5\client\teamtalkclassic\teamtalk5classic.dir\debug\bantypedlg.obj
c:\git\teamtalk5\client\teamtalkclassic\teamtalk5classic.dir\debug\banneddlg.obj
c:\git\teamtalk5\client\teamtalkclassic\teamtalk5classic.dir\debug\advancedpage.obj
c:\git\teamtalk5\client\teamtalkclassic\teamtalk5classic.dir\debug\abusetab.obj
c:\git\teamtalk5\client\teamtalkclassic\teamtalk5classic.dir\debug\aboutbox.obj
c:\git\teamtalk5\client\teamtalkclassic\teamtalk5classic.dir\debug\explorer1.obj
c:\git\teamtalk5\client\teamtalkclassic\teamtalk5classic.dir\debug\richeditthemed.obj
c:\git\teamtalk5\client\teamtalkclassic\teamtalk5classic.dir\debug\resizer.obj
c:\git\teamtalk5\client\teamtalkclassic\teamtalk5classic.dir\debug\positionusersdlg.obj
c:\git\teamtalk5\client\teamtalkclassic\teamtalk5classic.dir\debug\onlineusersdlg.obj
c:\git\teamtalk5\client\teamtalkclassic\teamtalk5classic.dir\debug\mytabctrl.obj
c:\git\teamtalk5\client\teamtalkclassic\teamtalk5classic.dir\debug\mytab.obj
c:\git\teamtalk5\client\teamtalkclassic\teamtalk5classic.dir\debug\mysliderctrl.obj
c:\git\teamtalk5\client\teamtalkclassic\teamtalk5classic.dir\debug\mypropertysheet.obj
c:\git\teamtalk5\client\teamtalkclassic\teamtalk5classic.dir\debug\myedit.obj
c:\git\teamtalk5\client\teamtalkclassic\teamtalk5classic.dir\debug\mybitmapbutton.obj
c:\git\teamtalk5\client\teamtalkclassic\teamtalk5classic.dir\debug\movetochanneldlg.obj
c:\git\teamtalk5\client\teamtalkclassic\teamtalk5classic.dir\debug\messagedlg.obj
c:\git\teamtalk5\client\teamtalkclassic\teamtalk5classic.dir\debug\mediastoragedlg.obj
c:\git\teamtalk5\client\teamtalkclassic\teamtalk5classic.dir\debug\keycompdlg.obj
c:\git\teamtalk5\client\teamtalkclassic\teamtalk5classic.dir\debug\inputdlg.obj
c:\git\teamtalk5\client\teamtalkclassic\teamtalk5classic.dir\debug\hostmanagerdlg.obj
c:\git\teamtalk5\client\teamtalkclassic\teamtalk5classic.dir\debug\generatettfiledlg.obj
c:\git\teamtalk5\client\teamtalkclassic\teamtalk5classic.dir\debug\generalpage.obj
c:\git\teamtalk5\client\teamtalkclassic\teamtalk5classic.dir\debug\filetransferdlg.obj
c:\git\teamtalk5\client\teamtalkclassic\teamtalk5classic.dir\debug\filestab.obj
c:\git\teamtalk5\client\teamtalkclassic\teamtalk5classic.dir\debug\uservideodlg.obj
c:\git\teamtalk5\client\teamtalkclassic\teamtalk5classic.dir\debug\userinfodlg.obj
c:\git\teamtalk5\client\teamtalkclassic\teamtalk5classic.dir\debug\userdesktopdlg.obj
c:\git\teamtalk5\client\teamtalkclassic\teamtalk5classic.dir\debug\userbutton.obj
c:\git\teamtalk5\client\teamtalkclassic\teamtalk5classic.dir\debug\useraccountsdlg.obj
c:\git\teamtalk5\client\teamtalkclassic\teamtalk5classic.dir\debug\ttaudiopreprocessordlg.obj
c:\git\teamtalk5\client\teamtalkclassic\teamtalk5classic.dir\debug\texttospeechpage.obj
c:\git\teamtalk5\client\teamtalkclassic\teamtalk5classic.dir\debug\systemtray.obj
c:\git\teamtalk5\client\teamtalkclassic\teamtalk5classic.dir\debug\syscolstatic.obj
c:\git\teamtalk5\client\teamtalkclassic\teamtalk5classic.dir\debug\streammediadlg.obj
c:\git\teamtalk5\client\teamtalkclassic\teamtalk5classic.dir\debug\splitterbar.obj
c:\git\teamtalk5\client\teamtalkclassic\teamtalk5classic.dir\debug\speexdspdlg.obj
c:\git\teamtalk5\client\teamtalkclassic\teamtalk5classic.dir\debug\soundsyspage.obj
c:\git\teamtalk5\client\teamtalkclassic\teamtalk5classic.dir\debug\soundeventspage.obj
c:\git\teamtalk5\client\teamtalkclassic\teamtalk5classic.dir\debug\shortcutspage.obj
c:\git\teamtalk5\client\teamtalkclassic\teamtalk5classic.dir\debug\sessiontreectrlwin32.obj
c:\git\teamtalk5\client\teamtalkclassic\teamtalk5classic.dir\debug\sessiontreectrl.obj
c:\git\teamtalk5\client\teamtalkclassic\teamtalk5classic.dir\debug\serverstatisticsdlg.obj
c:\git\teamtalk5\client\teamtalkclassic\teamtalk5classic.dir\debug\serverpropertiesdlg.obj
c:\git\teamtalk5\client\teamtalkclassic\teamtalk5classic.dir\debug\roombox.obj
c:\git\teamtalk5\client\teamtalkclassic\teamtalk5classic.dir\debug\ngwizardpage.obj
c:\git\teamtalk5\client\teamtalkclassic\teamtalk5classic.dir\debug\ngwizard.obj
c:\git\teamtalk5\client\teamtalkclassic\teamtalk5classic.dir\debug\dibitmap.obj
c:\git\teamtalk5\client\teamtalkclassic\teamtalk5classic.dir\debug\bmppalette.obj
c:\git\teamtalk5\client\teamtalkclassic\teamtalk5classic.dir\debug\teamtalkdlg.obj
c:\git\teamtalk5\client\teamtalkclassic\teamtalk5classic.dir\debug\teamtalkbase.obj
c:\git\teamtalk5\client\teamtalkclassic\teamtalk5classic.dir\debug\teamtalkapp.obj
c:\git\teamtalk5\client\teamtalkclassic\teamtalk5classic.dir\debug\xmllanguages.obj
c:\git\teamtalk5\client\teamtalkclassic\teamtalk5classic.dir\debug\settings.obj
c:\git\teamtalk5\client\teamtalkclassic\teamtalk5classic.dir\debug\mystd.obj
c:\git\teamtalk5\client\teamtalkclassic\teamtalk5classic.dir\debug\clientxml.obj
c:\git\teamtalk5\client\teamtalkclassic\teamtalk5classic.dir\debug\playsoundthread.obj
c:\git\teamtalk5\client\teamtalkclassic\teamtalk5classic.dir\debug\languages.obj
c:\git\teamtalk5\client\teamtalkclassic\teamtalk5classic.dir\debug\httprequest.obj
c:\git\teamtalk5\client\teamtalkclassic\teamtalk5classic.dir\debug\helper.obj
c:\git\teamtalk5\client\teamtalkclassic\teamtalk5classic.dir\debug\xptabctrl.obj
c:\git\teamtalk5\client\teamtalkclassic\teamtalk5classic.dir\debug\windowpage.obj
c:\git\teamtalk5\client\teamtalkclassic\teamtalk5classic.dir\debug\weblogindlg.obj
c:\git\teamtalk5\client\teamtalkclassic\teamtalk5classic.dir\debug\videocapturepage.obj
c:\git\teamtalk5\client\teamtalkclassic\teamtalk5classic.dir\debug\uservolumedlg.obj
c:\git\teamtalk5\client\teamtalkclassic\teamtalk5classic.dir\debug\wizwelcomepage.obj
c:\git\teamtalk5\client\teamtalkclassic\teamtalk5classic.dir\debug\wizsoundsyspage.obj
c:\git\teamtalk5\client\teamtalkclassic\teamtalk5classic.dir\debug\wizmastersheet.obj
c:\git\teamtalk5\client\teamtalkclassic\teamtalk5classic.dir\debug\wizgeneralpage.obj
c:\git\teamtalk5\client\teamtalkclassic\teamtalk5classic.dir\debug\wizcompletionpage.obj
c:\git\teamtalk5\client\teamtalkclassic\teamtalk5classic.dir\debug\resizectrl.obj
c:\git\teamtalk5\client\teamtalkclassic\teamtalk5classic.dir\debug\tinyxmlparser.obj
c:\git\teamtalk5\client\teamtalkclassic\teamtalk5classic.dir\debug\tinyxmlerror.obj
c:\git\teamtalk5\client\teamtalkclassic\teamtalk5classic.dir\debug\tinyxml.obj
c:\git\teamtalk5\client\teamtalkclassic\teamtalk5classic.dir\debug\tinystr.obj
c:\git\teamtalk5\client\teamtalkclassic\cmakefiles\generate.stamp
c:\git\teamtalk5\client\teamtalkclassic\debug\teamtalk5classic.ilk
c:\git\teamtalk5\client\teamtalkclassic\debug\teamtalk5classic.exe
c:\git\teamtalk5\client\teamtalkclassic\debug\teamtalk5classic.pdb
c:\git\teamtalk5\client\teamtalkclassic\teamtalk5classic.dir\debug\teamtalk.res
c:\git\teamtalk5\client\teamtalkclassic\teamtalk5classic.dir\debug\teamtalk5classic.tlog\cl.command.1.tlog
c:\git\teamtalk5\client\teamtalkclassic\teamtalk5classic.dir\debug\teamtalk5classic.tlog\cl.read.1.tlog
c:\git\teamtalk5\client\teamtalkclassic\teamtalk5classic.dir\debug\teamtalk5classic.tlog\cl.write.1.tlog
c:\git\teamtalk5\client\teamtalkclassic\teamtalk5classic.dir\debug\teamtalk5classic.tlog\custombuild.command.1.tlog
c:\git\teamtalk5\client\teamtalkclassic\teamtalk5classic.dir\debug\teamtalk5classic.tlog\custombuild.read.1.tlog
c:\git\teamtalk5\client\teamtalkclassic\teamtalk5classic.dir\debug\teamtalk5classic.tlog\custombuild.write.1.tlog
c:\git\teamtalk5\client\teamtalkclassic\teamtalk5classic.dir\debug\teamtalk5classic.tlog\link.command.1.tlog
c:\git\teamtalk5\client\teamtalkclassic\teamtalk5classic.dir\debug\teamtalk5classic.tlog\link.read.1.tlog
c:\git\teamtalk5\client\teamtalkclassic\teamtalk5classic.dir\debug\teamtalk5classic.tlog\link.write.1.tlog
c:\git\teamtalk5\client\teamtalkclassic\teamtalk5classic.dir\debug\teamtalk5classic.tlog\rc.command.1.tlog
c:\git\teamtalk5\client\teamtalkclassic\teamtalk5classic.dir\debug\teamtalk5classic.tlog\rc.read.1.tlog
c:\git\teamtalk5\client\teamtalkclassic\teamtalk5classic.dir\debug\teamtalk5classic.tlog\rc.write.1.tlog
