c:\git\teamtalk5\client\teamtalkclassic\teamtalk5classicpro.dir\release\tinyxmlparser.obj
c:\git\teamtalk5\client\teamtalkclassic\teamtalk5classicpro.dir\release\tinyxmlerror.obj
c:\git\teamtalk5\client\teamtalkclassic\teamtalk5classicpro.dir\release\tinyxml.obj
c:\git\teamtalk5\client\teamtalkclassic\teamtalk5classicpro.dir\release\tinystr.obj
c:\git\teamtalk5\client\teamtalkclassic\teamtalk5classicpro.dir\release\messagedlg.obj
c:\git\teamtalk5\client\teamtalkclassic\teamtalk5classicpro.dir\release\onlineusersdlg.obj
c:\git\teamtalk5\client\teamtalkclassic\teamtalk5classicpro.dir\release\teamtalkdlg.obj
c:\git\teamtalk5\client\teamtalkclassic\teamtalk5classicpro.dir\release\keycompdlg.obj
c:\git\teamtalk5\client\teamtalkclassic\teamtalk5classicpro.dir\release\hostmanagerdlg.obj
c:\git\teamtalk5\client\teamtalkclassic\teamtalk5classicpro.dir\release\generalpage.obj
c:\git\teamtalk5\client\teamtalkclassic\teamtalk5classicpro.dir\release\teamtalkapp.obj
c:\git\teamtalk5\client\teamtalkclassic\teamtalk5classicpro.dir\release\teamtalk5classicpro.pch
c:\git\teamtalk5\client\teamtalkclassic\teamtalk5classicpro.dir\release\stdafx.obj
c:\git\teamtalk5\client\teamtalkclassic\teamtalk5classicpro.dir\release\chattab.obj
c:\git\teamtalk5\client\teamtalkclassic\teamtalk5classicpro.dir\release\chatricheditctrl.obj
c:\git\teamtalk5\client\teamtalkclassic\teamtalk5classicpro.dir\release\channeloptab.obj
c:\git\teamtalk5\client\teamtalkclassic\teamtalk5classicpro.dir\release\channeldlg.obj
c:\git\teamtalk5\client\teamtalkclassic\teamtalk5classicpro.dir\release\changestatusdlg.obj
c:\git\teamtalk5\client\teamtalkclassic\teamtalk5classicpro.dir\release\bitmapslider.obj
c:\git\teamtalk5\client\teamtalkclassic\teamtalk5classicpro.dir\release\bearwarelogindlg.obj
c:\git\teamtalk5\client\teamtalkclassic\teamtalk5classicpro.dir\release\banneddlg.obj
c:\git\teamtalk5\client\teamtalkclassic\teamtalk5classicpro.dir\release\bantypedlg.obj
c:\git\teamtalk5\client\teamtalkclassic\teamtalk5classicpro.dir\release\advancedpage.obj
c:\git\teamtalk5\client\teamtalkclassic\teamtalk5classicpro.dir\release\abusetab.obj
c:\git\teamtalk5\client\teamtalkclassic\teamtalk5classicpro.dir\release\aboutbox.obj
c:\git\teamtalk5\client\teamtalkclassic\teamtalk5classicpro.dir\release\explorer1.obj
c:\git\teamtalk5\client\teamtalkclassic\teamtalk5classicpro.dir\release\teamtalkbase.obj
c:\git\teamtalk5\client\teamtalkclassic\teamtalk5classicpro.dir\release\playsoundthread.obj
c:\git\teamtalk5\client\teamtalkclassic\teamtalk5classicpro.dir\release\languages.obj
c:\git\teamtalk5\client\teamtalkclassic\teamtalk5classicpro.dir\release\httprequest.obj
c:\git\teamtalk5\client\teamtalkclassic\teamtalk5classicpro.dir\release\helper.obj
c:\git\teamtalk5\client\teamtalkclassic\teamtalk5classicpro.dir\release\mytab.obj
c:\git\teamtalk5\client\teamtalkclassic\teamtalk5classicpro.dir\release\mysliderctrl.obj
c:\git\teamtalk5\client\teamtalkclassic\teamtalk5classicpro.dir\release\mypropertysheet.obj
c:\git\teamtalk5\client\teamtalkclassic\teamtalk5classicpro.dir\release\myedit.obj
c:\git\teamtalk5\client\teamtalkclassic\teamtalk5classicpro.dir\release\mybitmapbutton.obj
c:\git\teamtalk5\client\teamtalkclassic\teamtalk5classicpro.dir\release\movetochanneldlg.obj
c:\git\teamtalk5\client\teamtalkclassic\teamtalk5classicpro.dir\release\mediastoragedlg.obj
c:\git\teamtalk5\client\teamtalkclassic\teamtalk5classicpro.dir\release\inputdlg.obj
c:\git\teamtalk5\client\teamtalkclassic\teamtalk5classicpro.dir\release\generatettfiledlg.obj
c:\git\teamtalk5\client\teamtalkclassic\teamtalk5classicpro.dir\release\filestab.obj
c:\git\teamtalk5\client\teamtalkclassic\teamtalk5classicpro.dir\release\fileslistctrl.obj
c:\git\teamtalk5\client\teamtalkclassic\teamtalk5classicpro.dir\release\filetransferdlg.obj
c:\git\teamtalk5\client\teamtalkclassic\teamtalk5classicpro.dir\release\exlistbox.obj
c:\git\teamtalk5\client\teamtalkclassic\teamtalk5classicpro.dir\release\desktopsharedlg.obj
c:\git\teamtalk5\client\teamtalkclassic\teamtalk5classicpro.dir\release\codeclimittab.obj
c:\git\teamtalk5\client\teamtalkclassic\teamtalk5classicpro.dir\release\clientpage.obj
c:\git\teamtalk5\client\teamtalkclassic\teamtalk5classicpro.dir\release\useraccountsdlg.obj
c:\git\teamtalk5\client\teamtalkclassic\teamtalk5classicpro.dir\release\texttospeechpage.obj
c:\git\teamtalk5\client\teamtalkclassic\teamtalk5classicpro.dir\release\ttaudiopreprocessordlg.obj
c:\git\teamtalk5\client\teamtalkclassic\teamtalk5classicpro.dir\release\systemtray.obj
c:\git\teamtalk5\client\teamtalkclassic\teamtalk5classicpro.dir\release\syscolstatic.obj
c:\git\teamtalk5\client\teamtalkclassic\teamtalk5classicpro.dir\release\streammediadlg.obj
c:\git\teamtalk5\client\teamtalkclassic\teamtalk5classicpro.dir\release\speexdspdlg.obj
c:\git\teamtalk5\client\teamtalkclassic\teamtalk5classicpro.dir\release\soundsyspage.obj
c:\git\teamtalk5\client\teamtalkclassic\teamtalk5classicpro.dir\release\soundeventspage.obj
c:\git\teamtalk5\client\teamtalkclassic\teamtalk5classicpro.dir\release\shortcutspage.obj
c:\git\teamtalk5\client\teamtalkclassic\teamtalk5classicpro.dir\release\sessiontreectrlwin32.obj
c:\git\teamtalk5\client\teamtalkclassic\teamtalk5classicpro.dir\release\sessiontreectrl.obj
c:\git\teamtalk5\client\teamtalkclassic\teamtalk5classicpro.dir\release\serverstatisticsdlg.obj
c:\git\teamtalk5\client\teamtalkclassic\teamtalk5classicpro.dir\release\serverpropertiesdlg.obj
c:\git\teamtalk5\client\teamtalkclassic\teamtalk5classicpro.dir\release\roombox.obj
c:\git\teamtalk5\client\teamtalkclassic\teamtalk5classicpro.dir\release\richeditthemed.obj
c:\git\teamtalk5\client\teamtalkclassic\teamtalk5classicpro.dir\release\resizer.obj
c:\git\teamtalk5\client\teamtalkclassic\teamtalk5classicpro.dir\release\positionusersdlg.obj
c:\git\teamtalk5\client\teamtalkclassic\teamtalk5classicpro.dir\release\mytabctrl.obj
c:\git\teamtalk5\client\teamtalkclassic\teamtalk5classicpro.dir\release\ngwizardpage.obj
c:\git\teamtalk5\client\teamtalkclassic\teamtalk5classicpro.dir\release\ngwizard.obj
c:\git\teamtalk5\client\teamtalkclassic\teamtalk5classicpro.dir\release\dibitmap.obj
c:\git\teamtalk5\client\teamtalkclassic\teamtalk5classicpro.dir\release\bmppalette.obj
c:\git\teamtalk5\client\teamtalkclassic\teamtalk5classicpro.dir\release\xmllanguages.obj
c:\git\teamtalk5\client\teamtalkclassic\teamtalk5classicpro.dir\release\settings.obj
c:\git\teamtalk5\client\teamtalkclassic\teamtalk5classicpro.dir\release\mystd.obj
c:\git\teamtalk5\client\teamtalkclassic\teamtalk5classicpro.dir\release\clientxml.obj
c:\git\teamtalk5\client\teamtalkclassic\teamtalk5classicpro.dir\release\splitterbar.obj
c:\git\teamtalk5\client\teamtalkclassic\teamtalk5classicpro.dir\release\dialogex.obj
c:\git\teamtalk5\client\teamtalkclassic\teamtalk5classicpro.dir\release\controlsex.obj
c:\git\teamtalk5\client\teamtalkclassic\teamtalk5classicpro.dir\release\xptabctrl.obj
c:\git\teamtalk5\client\teamtalkclassic\teamtalk5classicpro.dir\release\windowpage.obj
c:\git\teamtalk5\client\teamtalkclassic\teamtalk5classicpro.dir\release\weblogindlg.obj
c:\git\teamtalk5\client\teamtalkclassic\teamtalk5classicpro.dir\release\videocapturepage.obj
c:\git\teamtalk5\client\teamtalkclassic\teamtalk5classicpro.dir\release\uservolumedlg.obj
c:\git\teamtalk5\client\teamtalkclassic\teamtalk5classicpro.dir\release\uservideodlg.obj
c:\git\teamtalk5\client\teamtalkclassic\teamtalk5classicpro.dir\release\userinfodlg.obj
c:\git\teamtalk5\client\teamtalkclassic\teamtalk5classicpro.dir\release\userdesktopdlg.obj
c:\git\teamtalk5\client\teamtalkclassic\teamtalk5classicpro.dir\release\userbutton.obj
c:\git\teamtalk5\client\teamtalkclassic\teamtalk5classicpro.dir\release\wizwelcomepage.obj
c:\git\teamtalk5\client\teamtalkclassic\teamtalk5classicpro.dir\release\wizsoundsyspage.obj
c:\git\teamtalk5\client\teamtalkclassic\teamtalk5classicpro.dir\release\wizmastersheet.obj
c:\git\teamtalk5\client\teamtalkclassic\teamtalk5classicpro.dir\release\wizgeneralpage.obj
c:\git\teamtalk5\client\teamtalkclassic\teamtalk5classicpro.dir\release\wizcompletionpage.obj
c:\git\teamtalk5\client\teamtalkclassic\teamtalk5classicpro.dir\release\resizectrl.obj
c:\git\teamtalk5\client\teamtalkclassic\cmakefiles\generate.stamp
c:\git\teamtalk5\client\teamtalkclassic\teamtalk5classicpro.dir\release\teamtalk.res
c:\git\teamtalk5\client\teamtalkclassic\teamtalk5classicpro.dir\release\teamtalk.13f8a9d2.tlog\cl.command.1.tlog
c:\git\teamtalk5\client\teamtalkclassic\teamtalk5classicpro.dir\release\teamtalk.13f8a9d2.tlog\cl.read.1.tlog
c:\git\teamtalk5\client\teamtalkclassic\teamtalk5classicpro.dir\release\teamtalk.13f8a9d2.tlog\cl.write.1.tlog
c:\git\teamtalk5\client\teamtalkclassic\teamtalk5classicpro.dir\release\teamtalk.13f8a9d2.tlog\custombuild.command.1.tlog
c:\git\teamtalk5\client\teamtalkclassic\teamtalk5classicpro.dir\release\teamtalk.13f8a9d2.tlog\custombuild.read.1.tlog
c:\git\teamtalk5\client\teamtalkclassic\teamtalk5classicpro.dir\release\teamtalk.13f8a9d2.tlog\custombuild.write.1.tlog
c:\git\teamtalk5\client\teamtalkclassic\teamtalk5classicpro.dir\release\teamtalk.13f8a9d2.tlog\link.command.1.tlog
c:\git\teamtalk5\client\teamtalkclassic\teamtalk5classicpro.dir\release\teamtalk.13f8a9d2.tlog\link.read.1.tlog
c:\git\teamtalk5\client\teamtalkclassic\teamtalk5classicpro.dir\release\teamtalk.13f8a9d2.tlog\link.write.1.tlog
c:\git\teamtalk5\client\teamtalkclassic\teamtalk5classicpro.dir\release\teamtalk.13f8a9d2.tlog\rc.command.1.tlog
c:\git\teamtalk5\client\teamtalkclassic\teamtalk5classicpro.dir\release\teamtalk.13f8a9d2.tlog\rc.read.1.tlog
c:\git\teamtalk5\client\teamtalkclassic\teamtalk5classicpro.dir\release\teamtalk.13f8a9d2.tlog\rc.write.1.tlog
