  stdafx.cpp
  Helper.cpp
  HttpRequest.cpp
  Languages.cpp
  PlaySoundThread.cpp
  TeamTalkApp.cpp
  TeamTalkBase.cpp
  TeamTalkDlg.cpp
  explorer1.cpp
  AboutBox.cpp
  AbuseTab.cpp
  AdvancedPage.cpp
  BanTypeDlg.cpp
  BannedDlg.cpp
  BearWareLoginDlg.cpp
  BitmapSlider.cpp
  ChangeStatusDlg.cpp
  ChannelDlg.cpp
  ChannelOpTab.cpp
  ChatRichEditCtrl.cpp
  ChatTab.cpp
  Génération de code en cours...
  Compilation en cours...
  ClientPage.cpp
  CodecLimitTab.cpp
  DesktopShareDlg.cpp
  ExListBox.cpp
  FileTransferDlg.cpp
  FilesListCtrl.cpp
  FilesTab.cpp
  GeneralPage.cpp
  GenerateTTFileDlg.cpp
  HostManagerDlg.cpp
  InputDlg.cpp
  KeyCompDlg.cpp
  MediaStorageDlg.cpp
  MessageDlg.cpp
  MoveToChannelDlg.cpp
  MyBitmapButton.cpp
  MyEdit.cpp
  MyPropertySheet.cpp
  MySliderCtrl.cpp
  MyTab.cpp
  Génération de code en cours...
  Compilation en cours...
  MyTabCtrl.cpp
  OnlineUsersDlg.cpp
  PositionUsersDlg.cpp
  Resizer.cpp
  RichEditThemed.cpp
  RoomBox.cpp
  ServerPropertiesDlg.cpp
  ServerStatisticsDlg.cpp
  SessionTreeCtrl.cpp
  SessionTreeCtrlWin32.cpp
  ShortcutsPage.cpp
  SoundEventsPage.cpp
  SoundSysPage.cpp
  SpeexDSPDlg.cpp
  StreamMediaDlg.cpp
  SysColStatic.cpp
  SystemTray.cpp
C:\Git\teamtalk5\Client\TeamTalkClassic\gui\SystemTray.cpp(67): warning C4996: 'GetVersion': a été déclaré déconseillé
  C:\Program Files (x86)\Windows Kits\8.1\Include\um\sysinfoapi.h(110): note: voir la déclaration de 'GetVersion'
  TTAudioPreprocessorDlg.cpp
  TextToSpeechPage.cpp
  UserAccountsDlg.cpp
  Génération de code en cours...
  Compilation en cours...
  UserButton.cpp
  UserDesktopDlg.cpp
  UserInfoDlg.cpp
  UserVideoDlg.cpp
  UserVolumeDlg.cpp
  VideoCapturePage.cpp
  WebLoginDlg.cpp
  WindowPage.cpp
  XPTabCtrl.cpp
C:\Git\teamtalk5\Client\TeamTalkClassic\gui\XPTabCtrl.cpp(438): warning C4996: 'GetVersionExW': a été déclaré déconseillé
  C:\Program Files (x86)\Windows Kits\8.1\Include\um\sysinfoapi.h(442): note: voir la déclaration de 'GetVersionExW'
  ControlsEx.cpp
  DialogEx.cpp
  splitterbar.cpp
  ClientXML.cpp
  MyStd.cpp
  Settings.cpp
  XMLLanguages.cpp
  BmpPalette.cpp
  DIBitmap.cpp
  NGWizard.cpp
  NGWizardPage.cpp
  Génération de code en cours...
  Compilation en cours...
  ResizeCtrl.cpp
  WizCompletionPage.cpp
  WizGeneralPage.cpp
  WizMasterSheet.cpp
  WizSoundSysPage.cpp
  WizWelcomePage.cpp
  Génération de code en cours...
  TeamTalk5Classic.vcxproj -> C:\Git\teamtalk5\Client\TeamTalkClassic\RelWithDebInfo\TeamTalk5Classic.exe
  TeamTalk5Classic.vcxproj -> C:/Git/teamtalk5/Client/TeamTalkClassic/RelWithDebInfo/TeamTalk5Classic.pdb (Full PDB)
