c:\git\teamtalk5\client\teamtalkclassic\teamtalk5classicpro.dir\relwithdebinfo\vc140.pdb
c:\git\teamtalk5\client\teamtalkclassic\teamtalk5classicpro.dir\relwithdebinfo\uservolumedlg.obj
c:\git\teamtalk5\client\teamtalkclassic\teamtalk5classicpro.dir\relwithdebinfo\roombox.obj
c:\git\teamtalk5\client\teamtalkclassic\teamtalk5classicpro.dir\relwithdebinfo\movetochanneldlg.obj
c:\git\teamtalk5\client\teamtalkclassic\teamtalk5classicpro.dir\relwithdebinfo\filestab.obj
c:\git\teamtalk5\client\teamtalkclassic\teamtalk5classicpro.dir\relwithdebinfo\explorer1.obj
c:\git\teamtalk5\client\teamtalkclassic\teamtalk5classicpro.dir\relwithdebinfo\tinyxmlparser.obj
c:\git\teamtalk5\client\teamtalkclassic\teamtalk5classicpro.dir\relwithdebinfo\tinyxmlerror.obj
c:\git\teamtalk5\client\teamtalkclassic\teamtalk5classicpro.dir\relwithdebinfo\tinyxml.obj
c:\git\teamtalk5\client\teamtalkclassic\teamtalk5classicpro.dir\relwithdebinfo\tinystr.obj
c:\git\teamtalk5\client\teamtalkclassic\teamtalk5classicpro.dir\relwithdebinfo\messagedlg.obj
c:\git\teamtalk5\client\teamtalkclassic\teamtalk5classicpro.dir\relwithdebinfo\onlineusersdlg.obj
c:\git\teamtalk5\client\teamtalkclassic\teamtalk5classicpro.dir\relwithdebinfo\teamtalkdlg.obj
c:\git\teamtalk5\client\teamtalkclassic\teamtalk5classicpro.dir\relwithdebinfo\abusetab.obj
c:\git\teamtalk5\client\teamtalkclassic\teamtalk5classicpro.dir\relwithdebinfo\aboutbox.obj
c:\git\teamtalk5\client\teamtalkclassic\teamtalk5classicpro.dir\relwithdebinfo\bmppalette.obj
c:\git\teamtalk5\client\teamtalkclassic\teamtalk5classicpro.dir\relwithdebinfo\keycompdlg.obj
c:\git\teamtalk5\client\teamtalkclassic\teamtalk5classicpro.dir\relwithdebinfo\hostmanagerdlg.obj
c:\git\teamtalk5\client\teamtalkclassic\teamtalk5classicpro.dir\relwithdebinfo\generalpage.obj
c:\git\teamtalk5\client\teamtalkclassic\teamtalk5classicpro.dir\relwithdebinfo\teamtalkapp.obj
c:\git\teamtalk5\client\teamtalkclassic\teamtalk5classicpro.dir\relwithdebinfo\helper.obj
c:\git\teamtalk5\client\teamtalkclassic\teamtalk5classicpro.dir\relwithdebinfo\userbutton.obj
c:\git\teamtalk5\client\teamtalkclassic\teamtalk5classicpro.dir\relwithdebinfo\mytabctrl.obj
c:\git\teamtalk5\client\teamtalkclassic\teamtalk5classicpro.dir\relwithdebinfo\clientpage.obj
c:\git\teamtalk5\client\teamtalkclassic\teamtalk5classicpro.dir\relwithdebinfo\bearwarelogindlg.obj
c:\git\teamtalk5\client\teamtalkclassic\teamtalk5classicpro.dir\relwithdebinfo\banneddlg.obj
c:\git\teamtalk5\client\teamtalkclassic\teamtalk5classicpro.dir\relwithdebinfo\teamtalk5classicpro.pch
c:\git\teamtalk5\client\teamtalkclassic\teamtalk5classicpro.dir\relwithdebinfo\stdafx.obj
c:\git\teamtalk5\client\teamtalkclassic\teamtalk5classicpro.dir\relwithdebinfo\chattab.obj
c:\git\teamtalk5\client\teamtalkclassic\teamtalk5classicpro.dir\relwithdebinfo\chatricheditctrl.obj
c:\git\teamtalk5\client\teamtalkclassic\teamtalk5classicpro.dir\relwithdebinfo\channeloptab.obj
c:\git\teamtalk5\client\teamtalkclassic\teamtalk5classicpro.dir\relwithdebinfo\channeldlg.obj
c:\git\teamtalk5\client\teamtalkclassic\teamtalk5classicpro.dir\relwithdebinfo\changestatusdlg.obj
c:\git\teamtalk5\client\teamtalkclassic\teamtalk5classicpro.dir\relwithdebinfo\bitmapslider.obj
c:\git\teamtalk5\client\teamtalkclassic\teamtalk5classicpro.dir\relwithdebinfo\bantypedlg.obj
c:\git\teamtalk5\client\teamtalkclassic\teamtalk5classicpro.dir\relwithdebinfo\advancedpage.obj
c:\git\teamtalk5\client\teamtalkclassic\teamtalk5classicpro.dir\relwithdebinfo\teamtalkbase.obj
c:\git\teamtalk5\client\teamtalkclassic\teamtalk5classicpro.dir\relwithdebinfo\playsoundthread.obj
c:\git\teamtalk5\client\teamtalkclassic\teamtalk5classicpro.dir\relwithdebinfo\languages.obj
c:\git\teamtalk5\client\teamtalkclassic\teamtalk5classicpro.dir\relwithdebinfo\httprequest.obj
c:\git\teamtalk5\client\teamtalkclassic\teamtalk5classicpro.dir\relwithdebinfo\mytab.obj
c:\git\teamtalk5\client\teamtalkclassic\teamtalk5classicpro.dir\relwithdebinfo\mysliderctrl.obj
c:\git\teamtalk5\client\teamtalkclassic\teamtalk5classicpro.dir\relwithdebinfo\mypropertysheet.obj
c:\git\teamtalk5\client\teamtalkclassic\teamtalk5classicpro.dir\relwithdebinfo\myedit.obj
c:\git\teamtalk5\client\teamtalkclassic\teamtalk5classicpro.dir\relwithdebinfo\mybitmapbutton.obj
c:\git\teamtalk5\client\teamtalkclassic\teamtalk5classicpro.dir\relwithdebinfo\mediastoragedlg.obj
c:\git\teamtalk5\client\teamtalkclassic\teamtalk5classicpro.dir\relwithdebinfo\inputdlg.obj
c:\git\teamtalk5\client\teamtalkclassic\teamtalk5classicpro.dir\relwithdebinfo\generatettfiledlg.obj
c:\git\teamtalk5\client\teamtalkclassic\teamtalk5classicpro.dir\relwithdebinfo\fileslistctrl.obj
c:\git\teamtalk5\client\teamtalkclassic\teamtalk5classicpro.dir\relwithdebinfo\filetransferdlg.obj
c:\git\teamtalk5\client\teamtalkclassic\teamtalk5classicpro.dir\relwithdebinfo\exlistbox.obj
c:\git\teamtalk5\client\teamtalkclassic\teamtalk5classicpro.dir\relwithdebinfo\desktopsharedlg.obj
c:\git\teamtalk5\client\teamtalkclassic\teamtalk5classicpro.dir\relwithdebinfo\codeclimittab.obj
c:\git\teamtalk5\client\teamtalkclassic\teamtalk5classicpro.dir\relwithdebinfo\useraccountsdlg.obj
c:\git\teamtalk5\client\teamtalkclassic\teamtalk5classicpro.dir\relwithdebinfo\texttospeechpage.obj
c:\git\teamtalk5\client\teamtalkclassic\teamtalk5classicpro.dir\relwithdebinfo\ttaudiopreprocessordlg.obj
c:\git\teamtalk5\client\teamtalkclassic\teamtalk5classicpro.dir\relwithdebinfo\systemtray.obj
c:\git\teamtalk5\client\teamtalkclassic\teamtalk5classicpro.dir\relwithdebinfo\syscolstatic.obj
c:\git\teamtalk5\client\teamtalkclassic\teamtalk5classicpro.dir\relwithdebinfo\streammediadlg.obj
c:\git\teamtalk5\client\teamtalkclassic\teamtalk5classicpro.dir\relwithdebinfo\speexdspdlg.obj
c:\git\teamtalk5\client\teamtalkclassic\teamtalk5classicpro.dir\relwithdebinfo\soundsyspage.obj
c:\git\teamtalk5\client\teamtalkclassic\teamtalk5classicpro.dir\relwithdebinfo\soundeventspage.obj
c:\git\teamtalk5\client\teamtalkclassic\teamtalk5classicpro.dir\relwithdebinfo\shortcutspage.obj
c:\git\teamtalk5\client\teamtalkclassic\teamtalk5classicpro.dir\relwithdebinfo\sessiontreectrlwin32.obj
c:\git\teamtalk5\client\teamtalkclassic\teamtalk5classicpro.dir\relwithdebinfo\sessiontreectrl.obj
c:\git\teamtalk5\client\teamtalkclassic\teamtalk5classicpro.dir\relwithdebinfo\serverstatisticsdlg.obj
c:\git\teamtalk5\client\teamtalkclassic\teamtalk5classicpro.dir\relwithdebinfo\serverpropertiesdlg.obj
c:\git\teamtalk5\client\teamtalkclassic\teamtalk5classicpro.dir\relwithdebinfo\richeditthemed.obj
c:\git\teamtalk5\client\teamtalkclassic\teamtalk5classicpro.dir\relwithdebinfo\resizer.obj
c:\git\teamtalk5\client\teamtalkclassic\teamtalk5classicpro.dir\relwithdebinfo\positionusersdlg.obj
c:\git\teamtalk5\client\teamtalkclassic\teamtalk5classicpro.dir\relwithdebinfo\ngwizardpage.obj
c:\git\teamtalk5\client\teamtalkclassic\teamtalk5classicpro.dir\relwithdebinfo\ngwizard.obj
c:\git\teamtalk5\client\teamtalkclassic\teamtalk5classicpro.dir\relwithdebinfo\dibitmap.obj
c:\git\teamtalk5\client\teamtalkclassic\teamtalk5classicpro.dir\relwithdebinfo\xmllanguages.obj
c:\git\teamtalk5\client\teamtalkclassic\teamtalk5classicpro.dir\relwithdebinfo\settings.obj
c:\git\teamtalk5\client\teamtalkclassic\teamtalk5classicpro.dir\relwithdebinfo\mystd.obj
c:\git\teamtalk5\client\teamtalkclassic\teamtalk5classicpro.dir\relwithdebinfo\clientxml.obj
c:\git\teamtalk5\client\teamtalkclassic\teamtalk5classicpro.dir\relwithdebinfo\splitterbar.obj
c:\git\teamtalk5\client\teamtalkclassic\teamtalk5classicpro.dir\relwithdebinfo\dialogex.obj
c:\git\teamtalk5\client\teamtalkclassic\teamtalk5classicpro.dir\relwithdebinfo\controlsex.obj
c:\git\teamtalk5\client\teamtalkclassic\teamtalk5classicpro.dir\relwithdebinfo\xptabctrl.obj
c:\git\teamtalk5\client\teamtalkclassic\teamtalk5classicpro.dir\relwithdebinfo\windowpage.obj
c:\git\teamtalk5\client\teamtalkclassic\teamtalk5classicpro.dir\relwithdebinfo\weblogindlg.obj
c:\git\teamtalk5\client\teamtalkclassic\teamtalk5classicpro.dir\relwithdebinfo\videocapturepage.obj
c:\git\teamtalk5\client\teamtalkclassic\teamtalk5classicpro.dir\relwithdebinfo\uservideodlg.obj
c:\git\teamtalk5\client\teamtalkclassic\teamtalk5classicpro.dir\relwithdebinfo\userinfodlg.obj
c:\git\teamtalk5\client\teamtalkclassic\teamtalk5classicpro.dir\relwithdebinfo\userdesktopdlg.obj
c:\git\teamtalk5\client\teamtalkclassic\teamtalk5classicpro.dir\relwithdebinfo\wizwelcomepage.obj
c:\git\teamtalk5\client\teamtalkclassic\teamtalk5classicpro.dir\relwithdebinfo\wizsoundsyspage.obj
c:\git\teamtalk5\client\teamtalkclassic\teamtalk5classicpro.dir\relwithdebinfo\wizmastersheet.obj
c:\git\teamtalk5\client\teamtalkclassic\teamtalk5classicpro.dir\relwithdebinfo\wizgeneralpage.obj
c:\git\teamtalk5\client\teamtalkclassic\teamtalk5classicpro.dir\relwithdebinfo\wizcompletionpage.obj
c:\git\teamtalk5\client\teamtalkclassic\teamtalk5classicpro.dir\relwithdebinfo\resizectrl.obj
c:\git\teamtalk5\client\teamtalkclassic\cmakefiles\generate.stamp
c:\git\teamtalk5\client\teamtalkclassic\teamtalk5classicpro.dir\relwithdebinfo\teamtalk.res
c:\git\teamtalk5\client\teamtalkclassic\teamtalk5classicpro.dir\relwithdebinfo\teamtalk.13f8a9d2.tlog\cl.command.1.tlog
c:\git\teamtalk5\client\teamtalkclassic\teamtalk5classicpro.dir\relwithdebinfo\teamtalk.13f8a9d2.tlog\cl.read.1.tlog
c:\git\teamtalk5\client\teamtalkclassic\teamtalk5classicpro.dir\relwithdebinfo\teamtalk.13f8a9d2.tlog\cl.write.1.tlog
c:\git\teamtalk5\client\teamtalkclassic\teamtalk5classicpro.dir\relwithdebinfo\teamtalk.13f8a9d2.tlog\custombuild.command.1.tlog
c:\git\teamtalk5\client\teamtalkclassic\teamtalk5classicpro.dir\relwithdebinfo\teamtalk.13f8a9d2.tlog\custombuild.read.1.tlog
c:\git\teamtalk5\client\teamtalkclassic\teamtalk5classicpro.dir\relwithdebinfo\teamtalk.13f8a9d2.tlog\custombuild.write.1.tlog
c:\git\teamtalk5\client\teamtalkclassic\teamtalk5classicpro.dir\relwithdebinfo\teamtalk.13f8a9d2.tlog\link.command.1.tlog
c:\git\teamtalk5\client\teamtalkclassic\teamtalk5classicpro.dir\relwithdebinfo\teamtalk.13f8a9d2.tlog\link.read.1.tlog
c:\git\teamtalk5\client\teamtalkclassic\teamtalk5classicpro.dir\relwithdebinfo\teamtalk.13f8a9d2.tlog\link.write.1.tlog
c:\git\teamtalk5\client\teamtalkclassic\teamtalk5classicpro.dir\relwithdebinfo\teamtalk.13f8a9d2.tlog\rc.command.1.tlog
c:\git\teamtalk5\client\teamtalkclassic\teamtalk5classicpro.dir\relwithdebinfo\teamtalk.13f8a9d2.tlog\rc.read.1.tlog
c:\git\teamtalk5\client\teamtalkclassic\teamtalk5classicpro.dir\relwithdebinfo\teamtalk.13f8a9d2.tlog\rc.write.1.tlog
